{
  "RSpec": {
    "coverage": {
      "/Users/Jon/Projects/lolsummoners/app/helpers/application_helper.rb": [
        1,
        null
      ],
      "/Users/Jon/Projects/lolsummoners/app/helpers/ladders_helper.rb": [
        1,
        1,
        4,
        null,
        null,
        1,
        4,
        null,
        null
      ],
      "/Users/Jon/Projects/lolsummoners/app/controllers/ladders_controller.rb": [
        1,
        1,
        null,
        1,
        7,
        null,
        null,
        1,
        null,
        1,
        7,
        7,
        7,
        null,
        null
      ],
      "/Users/Jon/Projects/lolsummoners/app/controllers/application_controller.rb": [
        1,
        null,
        null,
        1,
        1,
        null,
        1,
        null,
        1,
        19,
        11,
        11,
        1,
        null,
        null,
        null,
        null
      ],
      "/Users/Jon/Projects/lolsummoners/app/models/api_handler.rb": [
        1,
        1,
        7,
        7,
        null,
        null,
        1,
        6,
        5,
        5,
        5,
        null,
        1,
        null,
        null,
        null,
        1,
        9,
        8,
        null,
        1,
        null,
        null,
        null,
        1,
        null,
        1,
        6,
        6,
        1,
        null,
        5,
        5,
        5,
        null,
        5,
        null,
        null,
        null,
        1,
        4,
        4,
        4,
        4,
        4,
        4,
        4,
        4,
        null,
        4,
        null,
        null,
        1,
        21,
        null,
        null
      ],
      "/Users/Jon/Projects/lolsummoners/app/models/ladder.rb": [
        1,
        1,
        null,
        1,
        9,
        null,
        null,
        1,
        7,
        7,
        7,
        null,
        null,
        1,
        8,
        95,
        null,
        95,
        null,
        103,
        null,
        null,
        1,
        9,
        null,
        null,
        1,
        6,
        null,
        null,
        1,
        6,
        null,
        null,
        1,
        6,
        null,
        null,
        1,
        null,
        1,
        104,
        null,
        null
      ],
      "/Users/Jon/Projects/lolsummoners/app/models/league.rb": [
        1,
        1,
        null
      ],
      "/Users/Jon/Projects/lolsummoners/app/models/player_league.rb": [
        1,
        1,
        1,
        null
      ],
      "/Users/Jon/Projects/lolsummoners/app/models/player.rb": [
        1,
        1,
        3,
        null,
        null,
        1,
        1,
        null,
        null,
        1,
        1,
        1,
        1,
        1,
        1,
        null,
        1,
        8,
        8,
        8,
        8,
        null,
        8,
        null,
        null,
        1,
        null,
        1,
        340,
        null,
        null,
        1,
        8,
        8,
        115,
        115,
        115,
        null,
        8,
        null,
        null
      ],
      "/Users/Jon/Projects/lolsummoners/app/models/post.rb": [
        1,
        1,
        null
      ],
      "/Users/Jon/Projects/lolsummoners/app/models/region.rb": [
        1,
        1,
        22,
        16,
        null,
        null,
        1,
        9,
        9,
        null,
        null
      ],
      "/Users/Jon/Projects/lolsummoners/app/controllers/posts_controller.rb": [
        1,
        1,
        7,
        null,
        null,
        1,
        1,
        null,
        null
      ],
      "/Users/Jon/Projects/lolsummoners/app/models/riot_api.rb": [
        1,
        null,
        1,
        1,
        null,
        1,
        8,
        null,
        null,
        1,
        5,
        5,
        5,
        4,
        4,
        null,
        null,
        null,
        null,
        null,
        1,
        null,
        1,
        5,
        5,
        5,
        0,
        0,
        null,
        null,
        null,
        1,
        5,
        null,
        null,
        null
      ],
      "/Users/Jon/Projects/lolsummoners/app/models/node_api.rb": [
        1,
        1,
        1,
        null,
        null
      ],
      "/Users/Jon/Projects/lolsummoners/app/controllers/searches_controller.rb": [
        1,
        1,
        1,
        null,
        1,
        2,
        2,
        2,
        1,
        null,
        1,
        null,
        null,
        null,
        1,
        null,
        1,
        2,
        2,
        2,
        null,
        null,
        1,
        2,
        2,
        2,
        0,
        null,
        2,
        2,
        2,
        null,
        null,
        null,
        null,
        1,
        8,
        null,
        null
      ],
      "/Users/Jon/Projects/lolsummoners/app/controllers/players_controller.rb": [
        1,
        1,
        1,
        null,
        null
      ]
    },
    "timestamp": 1394408146
  }
}
